<?xml version="1.0" encoding="UTF-8"?>
<testsuite name="com.oss.maeumnaru.ApplicationTests" tests="1" skipped="0" failures="0" errors="0" timestamp="2025-05-22T13:20:15.812Z" hostname="DESKTOP-AQ3I3BP" time="1.785">
  <properties/>
  <testcase name="contextLoads()" classname="com.oss.maeumnaru.ApplicationTests" time="1.785"/>
  <system-out><![CDATA[22:19:49.361 [Test worker] INFO org.springframework.test.context.support.AnnotationConfigContextLoaderUtils -- Could not detect default configuration classes for test class [com.oss.maeumnaru.ApplicationTests]: ApplicationTests does not declare any static, non-private, non-final, nested classes annotated with @Configuration.
22:19:50.024 [Test worker] INFO org.springframework.boot.test.context.SpringBootTestContextBootstrapper -- Found @SpringBootConfiguration com.oss.maeumnaru.Application for test class com.oss.maeumnaru.ApplicationTests

  .   ____          _            __ _ _
 /\\ / ___'_ __ _ _(_)_ __  __ _ \ \ \ \
( ( )\___ | '_ | '_| | '_ \/ _` | \ \ \ \
 \\/  ___)| |_)| | | | | || (_| |  ) ) ) )
  '  |____| .__|_| |_|_| |_\__, | / / / /
 =========|_|==============|___/=/_/_/_/

 :: Spring Boot ::                (v3.4.5)

2025-05-22T22:19:52.588+09:00  INFO 16356 --- [maeumnaru] [    Test worker] com.oss.maeumnaru.ApplicationTests       : Starting ApplicationTests using Java 17.0.12 with PID 16356 (started by user in C:\Users\user\Desktop\pr2\2025-1-CSC4004-1-7-aco\BE)
2025-05-22T22:19:52.593+09:00  INFO 16356 --- [maeumnaru] [    Test worker] com.oss.maeumnaru.ApplicationTests       : No active profile set, falling back to 1 default profile: "default"
2025-05-22T22:19:56.129+09:00  INFO 16356 --- [maeumnaru] [    Test worker] .s.d.r.c.RepositoryConfigurationDelegate : Bootstrapping Spring Data JPA repositories in DEFAULT mode.
2025-05-22T22:19:56.622+09:00  INFO 16356 --- [maeumnaru] [    Test worker] .s.d.r.c.RepositoryConfigurationDelegate : Finished Spring Data repository scanning in 454 ms. Found 9 JPA repository interfaces.
2025-05-22T22:19:58.933+09:00  INFO 16356 --- [maeumnaru] [    Test worker] o.hibernate.jpa.internal.util.LogHelper  : HHH000204: Processing PersistenceUnitInfo [name: default]
2025-05-22T22:19:59.321+09:00  INFO 16356 --- [maeumnaru] [    Test worker] org.hibernate.Version                    : HHH000412: Hibernate ORM core version 6.6.13.Final
2025-05-22T22:19:59.561+09:00  INFO 16356 --- [maeumnaru] [    Test worker] o.h.c.internal.RegionFactoryInitiator    : HHH000026: Second-level cache disabled
2025-05-22T22:20:01.267+09:00  INFO 16356 --- [maeumnaru] [    Test worker] o.s.o.j.p.SpringPersistenceUnitInfo      : No LoadTimeWeaver setup: ignoring JPA class transformer
2025-05-22T22:20:01.464+09:00  INFO 16356 --- [maeumnaru] [    Test worker] com.zaxxer.hikari.HikariDataSource       : HikariPool-1 - Starting...
2025-05-22T22:20:02.478+09:00  INFO 16356 --- [maeumnaru] [    Test worker] com.zaxxer.hikari.pool.HikariPool        : HikariPool-1 - Added connection com.mysql.cj.jdbc.ConnectionImpl@28e91f6d
2025-05-22T22:20:02.484+09:00  INFO 16356 --- [maeumnaru] [    Test worker] com.zaxxer.hikari.HikariDataSource       : HikariPool-1 - Start completed.
2025-05-22T22:20:02.733+09:00  WARN 16356 --- [maeumnaru] [    Test worker] org.hibernate.orm.deprecation            : HHH90000025: MySQLDialect does not need to be specified explicitly using 'hibernate.dialect' (remove the property setting and it will be selected by default)
2025-05-22T22:20:02.863+09:00  INFO 16356 --- [maeumnaru] [    Test worker] org.hibernate.orm.connections.pooling    : HHH10001005: Database info:
	Database JDBC URL [Connecting through datasource 'HikariDataSource (HikariPool-1)']
	Database driver: undefined/unknown
	Database version: 8.0.35
	Autocommit mode: undefined/unknown
	Isolation level: undefined/unknown
	Minimum pool size: undefined/unknown
	Maximum pool size: undefined/unknown
2025-05-22T22:20:07.285+09:00  INFO 16356 --- [maeumnaru] [    Test worker] o.h.e.t.j.p.i.JtaPlatformInitiator       : HHH000489: No JTA platform available (set 'hibernate.transaction.jta.platform' to enable JTA platform integration)
2025-05-22T22:20:07.590+09:00  INFO 16356 --- [maeumnaru] [    Test worker] j.LocalContainerEntityManagerFactoryBean : Initialized JPA EntityManagerFactory for persistence unit 'default'
2025-05-22T22:20:12.598+09:00  WARN 16356 --- [maeumnaru] [    Test worker] JpaBaseConfiguration$JpaWebConfiguration : spring.jpa.open-in-view is enabled by default. Therefore, database queries may be performed during view rendering. Explicitly configure spring.jpa.open-in-view to disable this warning
2025-05-22T22:20:14.134+09:00  WARN 16356 --- [maeumnaru] [    Test worker] ion$DefaultTemplateResolverConfiguration : Cannot find template location: classpath:/templates/ (please add some templates, check your Thymeleaf configuration, or set spring.thymeleaf.check-template-location=false)
2025-05-22T22:20:14.887+09:00  WARN 16356 --- [maeumnaru] [    Test worker] .s.s.UserDetailsServiceAutoConfiguration : 

Using generated security password: cec2b8bc-5501-4f8f-a1e7-cdc1c7617df8

This generated password is for development use only. Your security configuration must be updated before running your application in production.

2025-05-22T22:20:14.962+09:00  INFO 16356 --- [maeumnaru] [    Test worker] r$InitializeUserDetailsManagerConfigurer : Global AuthenticationManager configured with UserDetailsService bean with name inMemoryUserDetailsManager
2025-05-22T22:20:15.757+09:00  INFO 16356 --- [maeumnaru] [    Test worker] com.oss.maeumnaru.ApplicationTests       : Started ApplicationTests in 24.82 seconds (process running for 31.94)
]]></system-out>
  <system-err><![CDATA[]]></system-err>
</testsuite>
